#
# There is insufficient memory for the Java Runtime Environment to continue.
# Native memory allocation (mmap) failed to map 534773760 bytes for Failed to commit area from 0x0000000602e00000 to 0x0000000622c00000 of length 534773760.
# Possible reasons:
#   The system is out of physical RAM or swap space
#   The process is running with CompressedOops enabled, and the Java Heap may be blocking the growth of the native heap
# Possible solutions:
#   Reduce memory load on the system
#   Increase physical memory or swap space
#   Check if swap backing store is full
#   Decrease Java heap size (-Xmx/-Xms)
#   Decrease number of Java threads
#   Decrease Java thread stack sizes (-Xss)
#   Set larger code cache with -XX:ReservedCodeCacheSize=
# This output file may be truncated or incomplete.
#
#  Out of Memory Error (./src/hotspot/os/windows/os_windows.cpp:3521), pid=17060, tid=21260
#
# JRE version:  (11.0.12+7) (build )
# Java VM: OpenJDK 64-Bit Server VM (11.0.12+7-b1504.40, mixed mode, sharing, tiered, compressed oops, g1 gc, windows-amd64)
# No core dump will be written. Minidumps are not enabled by default on client versions of Windows
#

---------------  S U M M A R Y ------------

Command Line: git4idea.http.GitAskPassApp Username for 'https://gitee.com': 

Host: 11th Gen Intel(R) Core(TM) i7-11700 @ 2.50GHz, 16 cores, 31G,  Windows 10 , 64 bit Build 19041 (10.0.19041.1348)
Time: Thu Jan  6 22:00:35 2022 中国标准时间 elapsed time: 0.006285 seconds (0d 0h 0m 0s)

---------------  T H R E A D  ---------------

Current thread (0x00000179738cd000):  JavaThread "Unknown thread" [_thread_in_vm, id=21260, stack(0x000000033ce00000,0x000000033cf00000)]

Stack: [0x000000033ce00000,0x000000033cf00000]
Native frames: (J=compiled Java code, j=interpreted, Vv=VM code, C=native code)
V  [jvm.dll+0x5ff40a]
V  [jvm.dll+0x783b65]
V  [jvm.dll+0x78517d]
V  [jvm.dll+0x785833]
V  [jvm.dll+0x249408]
V  [jvm.dll+0x5fc7f4]
V  [jvm.dll+0x5f13c5]
V  [jvm.dll+0x3076bb]
V  [jvm.dll+0x30762a]
V  [jvm.dll+0x307502]
V  [jvm.dll+0x30c466]
V  [jvm.dll+0x355543]
V  [jvm.dll+0x355c46]
V  [jvm.dll+0x355643]
V  [jvm.dll+0x2e2018]
V  [jvm.dll+0x2e31c7]
V  [jvm.dll+0x761f57]
V  [jvm.dll+0x76374c]
V  [jvm.dll+0x362ab9]
V  [jvm.dll+0x7455be]
V  [jvm.dll+0x3cb673]
V  [jvm.dll+0x3cda21]
C  [jli.dll+0x536b]
C  [ucrtbase.dll+0x21bb2]
C  [KERNEL32.DLL+0x17034]
C  [ntdll.dll+0x52651]


---------------  P R O C E S S  ---------------

Threads class SMR info:
_java_thread_list=0x0000017971563a40, length=0, elements={
}

Java Threads: ( => current thread )

Other Threads:
  0x00000179738e8000 GCTaskThread "GC Thread#0" [stack: 0x000000033cf00000,0x000000033d000000] [id=22084]
  0x0000017973968000 ConcurrentGCThread "G1 Main Marker" [stack: 0x000000033d000000,0x000000033d100000] [id=15768]
  0x000001797396a800 ConcurrentGCThread "G1 Conc#0" [stack: 0x000000033d100000,0x000000033d200000] [id=17220]

[error occurred during error reporting (printing all threads), id 0xc0000005, EXCEPTION_ACCESS_VIOLATION (0xc0000005) at pc=0x00007fffd04127a7]

VM state:not at safepoint (not fully initialized)

VM Mutex/Monitor currently owned by a thread:  ([mutex/lock_event])
[0x00000179738ca080] Heap_lock - owner thread: 0x00000179738cd000

Heap address: 0x0000000602e00000, size: 8146 MB, Compressed Oops mode: Non-zero based: 0x0000000602e00000
Narrow klass base: 0x0000000000000000, Narrow klass shift: 0

GC Heap History (0 events):
No events

Deoptimization events (0 events):
No events

Classes redefined (0 events):
No events

Internal exceptions (0 events):
No events

Events (1 events):
Event: 0.004 Loaded shared library D:\tools\IntelliJ IDEA 2021.2.3\jbr\bin\zip.dll


Dynamic libraries:
0x00007ff60afd0000 - 0x00007ff60afda000 	D:\tools\IntelliJ IDEA 2021.2.3\jbr\bin\java.exe
0x00007ff823550000 - 0x00007ff823745000 	C:\Windows\SYSTEM32\ntdll.dll
0x00007ff823050000 - 0x00007ff82310e000 	C:\Windows\System32\KERNEL32.DLL
0x00007ff820d30000 - 0x00007ff820ff8000 	C:\Windows\System32\KERNELBASE.dll
0x00007ff821460000 - 0x00007ff821560000 	C:\Windows\System32\ucrtbase.dll
0x00007ff81e050000 - 0x00007ff81e069000 	D:\tools\IntelliJ IDEA 2021.2.3\jbr\bin\jli.dll
0x00007ff805150000 - 0x00007ff805167000 	D:\tools\IntelliJ IDEA 2021.2.3\jbr\bin\VCRUNTIME140.dll
0x00007ff822440000 - 0x00007ff8225e1000 	C:\Windows\System32\USER32.dll
0x00007ff821560000 - 0x00007ff821582000 	C:\Windows\System32\win32u.dll
0x00007ffffcf10000 - 0x00007ffffd1aa000 	C:\Windows\WinSxS\amd64_microsoft.windows.common-controls_6595b64144ccf1df_6.0.19041.1110_none_60b5254171f9507e\COMCTL32.dll
0x00007ff823020000 - 0x00007ff82304b000 	C:\Windows\System32\GDI32.dll
0x00007ff8217f0000 - 0x00007ff82188e000 	C:\Windows\System32\msvcrt.dll
0x00007ff821160000 - 0x00007ff82126d000 	C:\Windows\System32\gdi32full.dll
0x00007ff820c60000 - 0x00007ff820cfd000 	C:\Windows\System32\msvcp_win.dll
0x00007ff822110000 - 0x00007ff822140000 	C:\Windows\System32\IMM32.DLL
0x00007ffff9410000 - 0x00007ffff94ad000 	D:\tools\IntelliJ IDEA 2021.2.3\jbr\bin\msvcp140.dll
0x00007fffd0120000 - 0x00007fffd0c78000 	D:\tools\IntelliJ IDEA 2021.2.3\jbr\bin\server\jvm.dll
0x00007ff823460000 - 0x00007ff82350c000 	C:\Windows\System32\ADVAPI32.dll
0x00007ff821890000 - 0x00007ff82192b000 	C:\Windows\System32\sechost.dll
0x00007ff822240000 - 0x00007ff82236a000 	C:\Windows\System32\RPCRT4.dll
0x00007ff822140000 - 0x00007ff822148000 	C:\Windows\System32\PSAPI.DLL
0x00007ff818ee0000 - 0x00007ff818ee9000 	C:\Windows\SYSTEM32\WSOCK32.dll
0x00007ff80aa30000 - 0x00007ff80aa57000 	C:\Windows\SYSTEM32\WINMM.dll
0x00007ff81bdf0000 - 0x00007ff81bdfa000 	C:\Windows\SYSTEM32\VERSION.dll
0x00007ff822370000 - 0x00007ff8223db000 	C:\Windows\System32\WS2_32.dll
0x00007ff81eb70000 - 0x00007ff81eb82000 	C:\Windows\SYSTEM32\kernel.appcore.dll
0x00007ff81e0c0000 - 0x00007ff81e0d1000 	D:\tools\IntelliJ IDEA 2021.2.3\jbr\bin\verify.dll
0x00007ff80eff0000 - 0x00007ff80f1d4000 	C:\Windows\SYSTEM32\DBGHELP.DLL
0x00007ff80e040000 - 0x00007ff80e06c000 	C:\Windows\SYSTEM32\dbgcore.DLL
0x00007ff8212c0000 - 0x00007ff821342000 	C:\Windows\System32\bcryptPrimitives.dll
0x00007ff81c2b0000 - 0x00007ff81c2d9000 	D:\tools\IntelliJ IDEA 2021.2.3\jbr\bin\java.dll
0x00007ff81e3a0000 - 0x00007ff81e3ab000 	D:\tools\IntelliJ IDEA 2021.2.3\jbr\bin\jimage.dll
0x00007ff818f00000 - 0x00007ff818f18000 	D:\tools\IntelliJ IDEA 2021.2.3\jbr\bin\zip.dll

dbghelp: loaded successfully - version: 4.0.5 - missing functions: none
symbol engine: initialized successfully - sym options: 0x614 - pdb path: .;D:\tools\IntelliJ IDEA 2021.2.3\jbr\bin;C:\Windows\SYSTEM32;C:\Windows\WinSxS\amd64_microsoft.windows.common-controls_6595b64144ccf1df_6.0.19041.1110_none_60b5254171f9507e;D:\tools\IntelliJ IDEA 2021.2.3\jbr\bin\server

VM Arguments:
java_command: git4idea.http.GitAskPassApp Username for 'https://gitee.com': 
java_class_path (initial): D:/tools/IntelliJ IDEA 2021.2.3/plugins/git4idea/lib/git4idea-rt.jar;D:/tools/IntelliJ IDEA 2021.2.3/lib/3rd-party.jar
Launcher Type: SUN_STANDARD

[Global flags]
     intx CICompilerCount                          = 12                                        {product} {ergonomic}
     uint ConcGCThreads                            = 3                                         {product} {ergonomic}
     uint G1ConcRefinementThreads                  = 13                                        {product} {ergonomic}
   size_t G1HeapRegionSize                         = 2097152                                   {product} {ergonomic}
    uintx GCDrainStackTargetSize                   = 64                                        {product} {ergonomic}
   size_t InitialHeapSize                          = 534773760                                 {product} {ergonomic}
   size_t MarkStackSize                            = 4194304                                   {product} {ergonomic}
   size_t MaxHeapSize                              = 8541700096                                {product} {ergonomic}
   size_t MinHeapDeltaBytes                        = 2097152                                   {product} {ergonomic}
    uintx NonNMethodCodeHeapSize                   = 7594288                                {pd product} {ergonomic}
    uintx NonProfiledCodeHeapSize                  = 122031976                              {pd product} {ergonomic}
    uintx ProfiledCodeHeapSize                     = 122031976                              {pd product} {ergonomic}
    uintx ReservedCodeCacheSize                    = 251658240                              {pd product} {ergonomic}
     bool SegmentedCodeCache                       = true                                      {product} {ergonomic}
     bool UseCompressedClassPointers               = true                                 {lp64_product} {ergonomic}
     bool UseCompressedOops                        = true                                 {lp64_product} {ergonomic}
     bool UseG1GC                                  = true                                      {product} {ergonomic}
     bool UseLargePagesIndividualAllocation        = false                                  {pd product} {ergonomic}

Logging:
Log output configuration:
 #0: stdout all=warning uptime,level,tags
 #1: stderr all=off uptime,level,tags

Environment Variables:
JAVA_HOME=D:\developer\java
PATH=D:\developer\Git\mingw64\libexec\git-core;D:\developer\Git\mingw64\libexec\git-core;D:\developer\Git\mingw64\bin;D:\developer\Git\usr\bin;C:\Users\A\bin;C:\Program Files (x86)\Common Files\Oracle\Java\javapath;C:\Windows\system32;C:\Windows;C:\Windows\System32\Wbem;C:\Windows\System32\WindowsPowerShell\v1.0;C:\Windows\System32\OpenSSH;D:\developer\java\li;D:\developer\java\lib\dt.jar;D:\developer\java\lib\tools.jar";D:\developer\Git\cmd;C:\Program Files\MySQL\MySQL Server 8.0\bin;D:\developer\consul_1.9.2_windows_amd64;D:\developer\mq\rocketmq-all-4.3.0-bin-release\bin;D:\developer\seata\bin;C:\Program Files\MySQL\MySQL Shell 8.0\bin;C:\Users\A\AppData\Local\Microsoft\WindowsApps;D:\developer\java\bin;D:\developer\java\jre\bin;D:\developer\apache\apache-maven-3.6.3\bin;D:\tools\IntelliJ IDEA 2021.2.3\bin
USERNAME=A
DISPLAY=:0.0
LC_ALL=en_US.UTF-8
OS=Windows_NT
PROCESSOR_IDENTIFIER=Intel64 Family 6 Model 167 Stepping 1, GenuineIntel



---------------  S Y S T E M  ---------------

OS: Windows 10 , 64 bit Build 19041 (10.0.19041.1348)
OS uptime: 10 days 12:44 hours

CPU:total 16 (initial active 16) (8 cores per cpu, 2 threads per core) family 6 model 167 stepping 1 microcode 0x40, cmov, cx8, fxsr, mmx, sse, sse2, sse3, ssse3, sse4.1, sse4.2, popcnt, avx, avx2, aes, clmul, erms, 3dnowpref, lzcnt, ht, tsc, tscinvbit, bmi1, bmi2, adx, evex, sha, fma

Memory: 4k page, system-wide physical 32577M (683M free)
TotalPageFile size 45377M (AvailPageFile size 28M)
current process WorkingSet (physical memory assigned to process): 10M, peak: 10M
current process commit charge ("private bytes"): 71M, peak: 581M

vm_info: OpenJDK 64-Bit Server VM (11.0.12+7-b1504.40) for windows-amd64 JRE (11.0.12+7-b1504.40), built on Sep 23 2021 14:38:03 by "" with MS VC++ 14.0 (VS2015)

END.
