#
# There is insufficient memory for the Java Runtime Environment to continue.
# Native memory allocation (mmap) failed to map 534773760 bytes for Failed to commit area from 0x0000000602e00000 to 0x0000000622c00000 of length 534773760.
# Possible reasons:
#   The system is out of physical RAM or swap space
#   The process is running with CompressedOops enabled, and the Java Heap may be blocking the growth of the native heap
# Possible solutions:
#   Reduce memory load on the system
#   Increase physical memory or swap space
#   Check if swap backing store is full
#   Decrease Java heap size (-Xmx/-Xms)
#   Decrease number of Java threads
#   Decrease Java thread stack sizes (-Xss)
#   Set larger code cache with -XX:ReservedCodeCacheSize=
# This output file may be truncated or incomplete.
#
#  Out of Memory Error (./src/hotspot/os/windows/os_windows.cpp:3521), pid=5676, tid=16060
#
# JRE version:  (11.0.12+7) (build )
# Java VM: OpenJDK 64-Bit Server VM (11.0.12+7-b1504.40, mixed mode, sharing, tiered, compressed oops, g1 gc, windows-amd64)
# No core dump will be written. Minidumps are not enabled by default on client versions of Windows
#

---------------  S U M M A R Y ------------

Command Line: git4idea.http.GitAskPassApp Username for 'https://gitee.com': 

Host: 11th Gen Intel(R) Core(TM) i7-11700 @ 2.50GHz, 16 cores, 31G,  Windows 10 , 64 bit Build 19041 (10.0.19041.1348)
Time: Fri Dec 24 12:07:09 2021 中国标准时间 elapsed time: 0.007237 seconds (0d 0h 0m 0s)

---------------  T H R E A D  ---------------

Current thread (0x000002064819a000):  JavaThread "Unknown thread" [_thread_in_vm, id=16060, stack(0x000000107fd00000,0x000000107fe00000)]

Stack: [0x000000107fd00000,0x000000107fe00000]
Native frames: (J=compiled Java code, j=interpreted, Vv=VM code, C=native code)
V  [jvm.dll+0x5ff40a]
V  [jvm.dll+0x783b65]
V  [jvm.dll+0x78517d]
V  [jvm.dll+0x785833]
V  [jvm.dll+0x249408]
V  [jvm.dll+0x5fc7f4]
V  [jvm.dll+0x5f13c5]
V  [jvm.dll+0x3076bb]
V  [jvm.dll+0x30762a]
V  [jvm.dll+0x307502]
V  [jvm.dll+0x30c466]
V  [jvm.dll+0x355543]
V  [jvm.dll+0x355c46]
V  [jvm.dll+0x355643]
V  [jvm.dll+0x2e2018]
V  [jvm.dll+0x2e31c7]
V  [jvm.dll+0x761f57]
V  [jvm.dll+0x76374c]
V  [jvm.dll+0x362ab9]
V  [jvm.dll+0x7455be]
V  [jvm.dll+0x3cb673]
V  [jvm.dll+0x3cda21]
C  [jli.dll+0x536b]
C  [ucrtbase.dll+0x21bb2]
C  [KERNEL32.DLL+0x17034]
C  [ntdll.dll+0x52651]


---------------  P R O C E S S  ---------------

Threads class SMR info:
_java_thread_list=0x0000020645fbf290, length=0, elements={
}

Java Threads: ( => current thread )

Other Threads:
  0x00000206481b5800 GCTaskThread "GC Thread#0" [stack: 0x000000107fe00000,0x000000107ff00000] [id=14668]
  0x0000020648234000 ConcurrentGCThread "G1 Main Marker" [stack: 0x000000107ff00000,0x0000001080000000] [id=15324]
  0x0000020648236800 ConcurrentGCThread "G1 Conc#0" [stack: 0x0000001000000000,0x0000001000100000] [id=2784]

[error occurred during error reporting (printing all threads), id 0xc0000005, EXCEPTION_ACCESS_VIOLATION (0xc0000005) at pc=0x00007ff9134027a7]

VM state:not at safepoint (not fully initialized)

VM Mutex/Monitor currently owned by a thread:  ([mutex/lock_event])
[0x00000206481979b0] Heap_lock - owner thread: 0x000002064819a000

Heap address: 0x0000000602e00000, size: 8146 MB, Compressed Oops mode: Non-zero based: 0x0000000602e00000
Narrow klass base: 0x0000000000000000, Narrow klass shift: 0

GC Heap History (0 events):
No events

Deoptimization events (0 events):
No events

Classes redefined (0 events):
No events

Internal exceptions (0 events):
No events

Events (1 events):
Event: 0.004 Loaded shared library D:\tools\IntelliJ IDEA 2021.2.3\jbr\bin\zip.dll


Dynamic libraries:
0x00007ff6c0140000 - 0x00007ff6c014a000 	D:\tools\IntelliJ IDEA 2021.2.3\jbr\bin\java.exe
0x00007ff967910000 - 0x00007ff967b05000 	C:\Windows\SYSTEM32\ntdll.dll
0x00007ff9669c0000 - 0x00007ff966a7e000 	C:\Windows\System32\KERNEL32.DLL
0x00007ff9653a0000 - 0x00007ff965668000 	C:\Windows\System32\KERNELBASE.dll
0x00007ff965670000 - 0x00007ff965770000 	C:\Windows\System32\ucrtbase.dll
0x00007ff950860000 - 0x00007ff950879000 	D:\tools\IntelliJ IDEA 2021.2.3\jbr\bin\jli.dll
0x00007ff937680000 - 0x00007ff937697000 	D:\tools\IntelliJ IDEA 2021.2.3\jbr\bin\VCRUNTIME140.dll
0x00007ff965ec0000 - 0x00007ff966061000 	C:\Windows\System32\USER32.dll
0x00007ff9405f0000 - 0x00007ff94088a000 	C:\Windows\WinSxS\amd64_microsoft.windows.common-controls_6595b64144ccf1df_6.0.19041.1110_none_60b5254171f9507e\COMCTL32.dll
0x00007ff965890000 - 0x00007ff9658b2000 	C:\Windows\System32\win32u.dll
0x00007ff967770000 - 0x00007ff96779b000 	C:\Windows\System32\GDI32.dll
0x00007ff966070000 - 0x00007ff96610e000 	C:\Windows\System32\msvcrt.dll
0x00007ff965290000 - 0x00007ff96539d000 	C:\Windows\System32\gdi32full.dll
0x00007ff965770000 - 0x00007ff96580d000 	C:\Windows\System32\msvcp_win.dll
0x00007ff966cf0000 - 0x00007ff966d20000 	C:\Windows\System32\IMM32.DLL
0x00007ff912d70000 - 0x00007ff912e0d000 	D:\tools\IntelliJ IDEA 2021.2.3\jbr\bin\msvcp140.dll
0x00007ff913110000 - 0x00007ff913c68000 	D:\tools\IntelliJ IDEA 2021.2.3\jbr\bin\server\jvm.dll
0x00007ff9675b0000 - 0x00007ff96765c000 	C:\Windows\System32\ADVAPI32.dll
0x00007ff966bf0000 - 0x00007ff966c8b000 	C:\Windows\System32\sechost.dll
0x00007ff966f80000 - 0x00007ff9670aa000 	C:\Windows\System32\RPCRT4.dll
0x00007ff967540000 - 0x00007ff967548000 	C:\Windows\System32\PSAPI.DLL
0x00007ff941fd0000 - 0x00007ff941fd9000 	C:\Windows\SYSTEM32\WSOCK32.dll
0x00007ff94e6f0000 - 0x00007ff94e717000 	C:\Windows\SYSTEM32\WINMM.dll
0x00007ff960120000 - 0x00007ff96012a000 	C:\Windows\SYSTEM32\VERSION.dll
0x00007ff966f10000 - 0x00007ff966f7b000 	C:\Windows\System32\WS2_32.dll
0x00007ff962f30000 - 0x00007ff962f42000 	C:\Windows\SYSTEM32\kernel.appcore.dll
0x00007ff953720000 - 0x00007ff953731000 	D:\tools\IntelliJ IDEA 2021.2.3\jbr\bin\verify.dll
0x00007ff952820000 - 0x00007ff952a04000 	C:\Windows\SYSTEM32\DBGHELP.DLL
0x00007ff951a80000 - 0x00007ff951aac000 	C:\Windows\SYSTEM32\dbgcore.DLL
0x00007ff9658c0000 - 0x00007ff965942000 	C:\Windows\System32\bcryptPrimitives.dll
0x00007ff9536f0000 - 0x00007ff953719000 	D:\tools\IntelliJ IDEA 2021.2.3\jbr\bin\java.dll
0x00007ff9536e0000 - 0x00007ff9536eb000 	D:\tools\IntelliJ IDEA 2021.2.3\jbr\bin\jimage.dll
0x00007ff950840000 - 0x00007ff950858000 	D:\tools\IntelliJ IDEA 2021.2.3\jbr\bin\zip.dll

dbghelp: loaded successfully - version: 4.0.5 - missing functions: none
symbol engine: initialized successfully - sym options: 0x614 - pdb path: .;D:\tools\IntelliJ IDEA 2021.2.3\jbr\bin;C:\Windows\SYSTEM32;C:\Windows\WinSxS\amd64_microsoft.windows.common-controls_6595b64144ccf1df_6.0.19041.1110_none_60b5254171f9507e;D:\tools\IntelliJ IDEA 2021.2.3\jbr\bin\server

VM Arguments:
java_command: git4idea.http.GitAskPassApp Username for 'https://gitee.com': 
java_class_path (initial): D:/tools/IntelliJ IDEA 2021.2.3/plugins/git4idea/lib/git4idea-rt.jar;D:/tools/IntelliJ IDEA 2021.2.3/lib/3rd-party.jar
Launcher Type: SUN_STANDARD

[Global flags]
     intx CICompilerCount                          = 12                                        {product} {ergonomic}
     uint ConcGCThreads                            = 3                                         {product} {ergonomic}
     uint G1ConcRefinementThreads                  = 13                                        {product} {ergonomic}
   size_t G1HeapRegionSize                         = 2097152                                   {product} {ergonomic}
    uintx GCDrainStackTargetSize                   = 64                                        {product} {ergonomic}
   size_t InitialHeapSize                          = 534773760                                 {product} {ergonomic}
   size_t MarkStackSize                            = 4194304                                   {product} {ergonomic}
   size_t MaxHeapSize                              = 8541700096                                {product} {ergonomic}
   size_t MinHeapDeltaBytes                        = 2097152                                   {product} {ergonomic}
    uintx NonNMethodCodeHeapSize                   = 7594288                                {pd product} {ergonomic}
    uintx NonProfiledCodeHeapSize                  = 122031976                              {pd product} {ergonomic}
    uintx ProfiledCodeHeapSize                     = 122031976                              {pd product} {ergonomic}
    uintx ReservedCodeCacheSize                    = 251658240                              {pd product} {ergonomic}
     bool SegmentedCodeCache                       = true                                      {product} {ergonomic}
     bool UseCompressedClassPointers               = true                                 {lp64_product} {ergonomic}
     bool UseCompressedOops                        = true                                 {lp64_product} {ergonomic}
     bool UseG1GC                                  = true                                      {product} {ergonomic}
     bool UseLargePagesIndividualAllocation        = false                                  {pd product} {ergonomic}

Logging:
Log output configuration:
 #0: stdout all=warning uptime,level,tags
 #1: stderr all=off uptime,level,tags

Environment Variables:
JAVA_HOME=D:\developer\java
PATH=D:/developer/Git/mingw64/libexec/git-core;D:/developer/Git/mingw64/libexec/git-core;D:\developer\Git\mingw64\bin;D:\developer\Git\usr\bin;C:\Users\A\bin;C:\Program Files (x86)\Common Files\Oracle\Java\javapath;C:\Windows\system32;C:\Windows;C:\Windows\System32\Wbem;C:\Windows\System32\WindowsPowerShell\v1.0\;C:\Windows\System32\OpenSSH\;"D:\developer\java\lib;D:\developer\java\lib\dt.jar;D:\developer\java\lib\tools.jar";D:\developer\Git\cmd;C:\Program Files\MySQL\MySQL Server 8.0\bin;D:\developer\consul_1.9.2_windows_amd64;D:\developer\mq\rocketmq-all-4.3.0-bin-release\bin;D:\developer\seata\bin;C:\Program Files\MySQL\MySQL Shell 8.0\bin\;C:\Users\A\AppData\Local\Microsoft\WindowsApps;D:\developer\java\bin;D:\developer\java\jre\bin;D:\developer\apache\apache-maven-3.6.3\bin;D:\tools\IntelliJ IDEA 2021.2.3\bin
USERNAME=A
DISPLAY=:0.0
LC_ALL=en_US.UTF-8
OS=Windows_NT
PROCESSOR_IDENTIFIER=Intel64 Family 6 Model 167 Stepping 1, GenuineIntel



---------------  S Y S T E M  ---------------

OS: Windows 10 , 64 bit Build 19041 (10.0.19041.1348)
OS uptime: 0 days 2:26 hours

CPU:total 16 (initial active 16) (8 cores per cpu, 2 threads per core) family 6 model 167 stepping 1 microcode 0x40, cmov, cx8, fxsr, mmx, sse, sse2, sse3, ssse3, sse4.1, sse4.2, popcnt, avx, avx2, aes, clmul, erms, 3dnowpref, lzcnt, ht, tsc, tscinvbit, bmi1, bmi2, adx, evex, sha, fma

Memory: 4k page, system-wide physical 32577M (2945M free)
TotalPageFile size 45377M (AvailPageFile size 122M)
current process WorkingSet (physical memory assigned to process): 10M, peak: 10M
current process commit charge ("private bytes"): 71M, peak: 581M

vm_info: OpenJDK 64-Bit Server VM (11.0.12+7-b1504.40) for windows-amd64 JRE (11.0.12+7-b1504.40), built on Sep 23 2021 14:38:03 by "" with MS VC++ 14.0 (VS2015)

END.
