#
# There is insufficient memory for the Java Runtime Environment to continue.
# Native memory allocation (mmap) failed to map 266338304 bytes for Failed to commit area from 0x0000000702c00000 to 0x0000000712a00000 of length 266338304.
# Possible reasons:
#   The system is out of physical RAM or swap space
#   The process is running with CompressedOops enabled, and the Java Heap may be blocking the growth of the native heap
# Possible solutions:
#   Reduce memory load on the system
#   Increase physical memory or swap space
#   Check if swap backing store is full
#   Decrease Java heap size (-Xmx/-Xms)
#   Decrease number of Java threads
#   Decrease Java thread stack sizes (-Xss)
#   Set larger code cache with -XX:ReservedCodeCacheSize=
# This output file may be truncated or incomplete.
#
#  Out of Memory Error (c:/BuildAgent/work/5ff2f6c26000d570/src/hotspot/os/windows/os_windows.cpp:3296), pid=5424, tid=18356
#
# JRE version:  (11.0.6+8) (build )
# Java VM: OpenJDK 64-Bit Server VM (11.0.6+8-b520.43, mixed mode, sharing, tiered, compressed oops, g1 gc, windows-amd64)
# No core dump will be written. Minidumps are not enabled by default on client versions of Windows
#

---------------  S U M M A R Y ------------

Command Line: org.jetbrains.git4idea.http.GitAskPassApp Username for 'https://gitee.com': 

Host: Intel(R) Core(TM) i7-10750H CPU @ 2.60GHz, 12 cores, 15G,  Windows 10 , 64 bit Build 19041 (10.0.19041.1202)
Time: Tue Nov  9 22:31:59 2021 中国标准时间 elapsed time: 0 seconds (0d 0h 0m 0s)

---------------  T H R E A D  ---------------

Current thread (0x00000190deddc800):  JavaThread "Unknown thread" [_thread_in_vm, id=18356, stack(0x00000014a9b00000,0x00000014a9c00000)]

Stack: [0x00000014a9b00000,0x00000014a9c00000]
Native frames: (J=compiled Java code, j=interpreted, Vv=VM code, C=native code)
V  [jvm.dll+0x5de31a]
V  [jvm.dll+0x710ae5]
V  [jvm.dll+0x712005]
V  [jvm.dll+0x7126b3]
V  [jvm.dll+0x23e3a8]
V  [jvm.dll+0x5db814]
V  [jvm.dll+0x5d0a35]
V  [jvm.dll+0x2faeeb]
V  [jvm.dll+0x2fae5a]
V  [jvm.dll+0x2fad32]
V  [jvm.dll+0x2ffc06]
V  [jvm.dll+0x348483]
V  [jvm.dll+0x348b86]
V  [jvm.dll+0x348583]
V  [jvm.dll+0x2d57b8]
V  [jvm.dll+0x2d6957]
V  [jvm.dll+0x6ef8a7]
V  [jvm.dll+0x6f109c]
V  [jvm.dll+0x355a79]
V  [jvm.dll+0x6d49ee]
V  [jvm.dll+0x3bf0a3]
V  [jvm.dll+0x3c15c1]
C  [jli.dll+0x5363]
C  [ucrtbase.dll+0x21bb2]
C  [KERNEL32.DLL+0x17034]
C  [ntdll.dll+0x52651]


---------------  P R O C E S S  ---------------

Threads class SMR info:
_java_thread_list=0x00000190dd4b1500, length=0, elements={
}

Java Threads: ( => current thread )

Other Threads:
  0x00000190dedf4800 GCTaskThread "GC Thread#0" [stack: 0x00000014a9c00000,0x00000014a9d00000] [id=18160]
  0x00000190dee52800 ConcurrentGCThread "G1 Main Marker" [stack: 0x00000014a9d00000,0x00000014a9e00000] [id=8324]
  0x00000190dee54000 ConcurrentGCThread "G1 Conc#0" [stack: 0x00000014a9e00000,0x00000014a9f00000] [id=3392]

[error occurred during error reporting (printing all threads), id 0xc0000005, EXCEPTION_ACCESS_VIOLATION (0xc0000005) at pc=0x00007ff935a26027]

VM state:not at safepoint (not fully initialized)

VM Mutex/Monitor currently owned by a thread:  ([mutex/lock_event])
[0x00000190deddad00] Heap_lock - owner thread: 0x00000190deddc800

Heap address: 0x0000000702c00000, size: 4052 MB, Compressed Oops mode: Non-zero based: 0x0000000702c00000
Narrow klass base: 0x0000000000000000, Narrow klass shift: 0

GC Heap History (0 events):
No events

Deoptimization events (0 events):
No events

Classes redefined (0 events):
No events

Internal exceptions (0 events):
No events

Events (2 events):
Event: 0.009 Loaded shared library E:\developer\IntelliJ IDEA 2019.3.4\jbr\bin\zip.dll
Event: 0.010 Loaded shared library E:\developer\IntelliJ IDEA 2019.3.4\jbr\bin\jimage.dll


Dynamic libraries:
0x00007ff7d58b0000 - 0x00007ff7d58ba000 	E:\developer\IntelliJ IDEA 2019.3.4\jbr\bin\java.exe
0x00007ff97f650000 - 0x00007ff97f845000 	C:\WINDOWS\SYSTEM32\ntdll.dll
0x00007ff97eb60000 - 0x00007ff97ec1e000 	C:\WINDOWS\System32\KERNEL32.DLL
0x00007ff97ce50000 - 0x00007ff97d119000 	C:\WINDOWS\System32\KERNELBASE.dll
0x00007ff97d120000 - 0x00007ff97d220000 	C:\WINDOWS\System32\ucrtbase.dll
0x00007ff975650000 - 0x00007ff975669000 	E:\developer\IntelliJ IDEA 2019.3.4\jbr\bin\jli.dll
0x00007ff9787e0000 - 0x00007ff9787f7000 	E:\developer\IntelliJ IDEA 2019.3.4\jbr\bin\VCRUNTIME140.dll
0x00007ff97e080000 - 0x00007ff97e221000 	C:\WINDOWS\System32\USER32.dll
0x00007ff97cdc0000 - 0x00007ff97cde2000 	C:\WINDOWS\System32\win32u.dll
0x00007ff97e310000 - 0x00007ff97e33b000 	C:\WINDOWS\System32\GDI32.dll
0x00007ff97d220000 - 0x00007ff97d32b000 	C:\WINDOWS\System32\gdi32full.dll
0x00007ff97d490000 - 0x00007ff97d52d000 	C:\WINDOWS\System32\msvcp_win.dll
0x00007ff96ece0000 - 0x00007ff96ef7a000 	C:\WINDOWS\WinSxS\amd64_microsoft.windows.common-controls_6595b64144ccf1df_6.0.19041.1110_none_60b5254171f9507e\COMCTL32.dll
0x00007ff97e7e0000 - 0x00007ff97e87e000 	C:\WINDOWS\System32\msvcrt.dll
0x00007ff97f5e0000 - 0x00007ff97f610000 	C:\WINDOWS\System32\IMM32.DLL
0x00007ff950a40000 - 0x00007ff950add000 	E:\developer\IntelliJ IDEA 2019.3.4\jbr\bin\msvcp140.dll
0x00007ff935740000 - 0x00007ff9361fd000 	E:\developer\IntelliJ IDEA 2019.3.4\jbr\bin\server\jvm.dll
0x00007ff97d6a0000 - 0x00007ff97d74c000 	C:\WINDOWS\System32\ADVAPI32.dll
0x00007ff97dcb0000 - 0x00007ff97dd4b000 	C:\WINDOWS\System32\sechost.dll
0x00007ff97e9a0000 - 0x00007ff97eaca000 	C:\WINDOWS\System32\RPCRT4.dll
0x00007ff97e300000 - 0x00007ff97e308000 	C:\WINDOWS\System32\PSAPI.DLL
0x00007ff976b60000 - 0x00007ff976b69000 	C:\WINDOWS\SYSTEM32\WSOCK32.dll
0x00007ff97e230000 - 0x00007ff97e29b000 	C:\WINDOWS\System32\WS2_32.dll
0x00007ff972140000 - 0x00007ff972167000 	C:\WINDOWS\SYSTEM32\WINMM.dll
0x00007ff97c8f0000 - 0x00007ff97c8fa000 	C:\WINDOWS\SYSTEM32\VERSION.dll
0x00007ff97ac00000 - 0x00007ff97ac12000 	C:\WINDOWS\SYSTEM32\kernel.appcore.dll
0x00007ff976b40000 - 0x00007ff976b51000 	E:\developer\IntelliJ IDEA 2019.3.4\jbr\bin\verify.dll
0x00007ff9623d0000 - 0x00007ff9625b4000 	C:\WINDOWS\SYSTEM32\DBGHELP.DLL
0x00007ff962120000 - 0x00007ff96214c000 	C:\WINDOWS\SYSTEM32\dbgcore.DLL
0x00007ff97d530000 - 0x00007ff97d5b3000 	C:\WINDOWS\System32\bcryptPrimitives.dll
0x00007ff975290000 - 0x00007ff9752b9000 	E:\developer\IntelliJ IDEA 2019.3.4\jbr\bin\java.dll
0x00007ff975270000 - 0x00007ff975288000 	E:\developer\IntelliJ IDEA 2019.3.4\jbr\bin\zip.dll
0x00007ff976ac0000 - 0x00007ff976acb000 	E:\developer\IntelliJ IDEA 2019.3.4\jbr\bin\jimage.dll

dbghelp: loaded successfully - version: 4.0.5 - missing functions: none
symbol engine: initialized successfully - sym options: 0x614 - pdb path: .;E:\developer\IntelliJ IDEA 2019.3.4\jbr\bin;C:\WINDOWS\SYSTEM32;C:\WINDOWS\WinSxS\amd64_microsoft.windows.common-controls_6595b64144ccf1df_6.0.19041.1110_none_60b5254171f9507e;E:\developer\IntelliJ IDEA 2019.3.4\jbr\bin\server

VM Arguments:
java_command: org.jetbrains.git4idea.http.GitAskPassApp Username for 'https://gitee.com': 
java_class_path (initial): E:/developer/IntelliJ IDEA 2019.3.4/plugins/git4idea/lib/git4idea-rt.jar;E:/developer/IntelliJ IDEA 2019.3.4/lib/xmlrpc-2.0.1.jar;E:/developer/IntelliJ IDEA 2019.3.4/lib/commons-codec-1.13.jar;E:/developer/IntelliJ IDEA 2019.3.4/lib/util.jar
Launcher Type: SUN_STANDARD

[Global flags]
     intx CICompilerCount                          = 4                                         {product} {ergonomic}
     uint ConcGCThreads                            = 3                                         {product} {ergonomic}
     uint G1ConcRefinementThreads                  = 10                                        {product} {ergonomic}
   size_t G1HeapRegionSize                         = 1048576                                   {product} {ergonomic}
    uintx GCDrainStackTargetSize                   = 64                                        {product} {ergonomic}
   size_t InitialHeapSize                          = 266338304                                 {product} {ergonomic}
   size_t MarkStackSize                            = 4194304                                   {product} {ergonomic}
   size_t MaxHeapSize                              = 4248829952                                {product} {ergonomic}
   size_t MinHeapDeltaBytes                        = 1048576                                   {product} {ergonomic}
    uintx NonNMethodCodeHeapSize                   = 5836300                                {pd product} {ergonomic}
    uintx NonProfiledCodeHeapSize                  = 122910970                              {pd product} {ergonomic}
    uintx ProfiledCodeHeapSize                     = 122910970                              {pd product} {ergonomic}
    uintx ReservedCodeCacheSize                    = 251658240                              {pd product} {ergonomic}
     bool SegmentedCodeCache                       = true                                      {product} {ergonomic}
     bool UseCompressedClassPointers               = true                                 {lp64_product} {ergonomic}
     bool UseCompressedOops                        = true                                 {lp64_product} {ergonomic}
     bool UseG1GC                                  = true                                      {product} {ergonomic}
     bool UseLargePagesIndividualAllocation        = false                                  {pd product} {ergonomic}

Logging:
Log output configuration:
 #0: stdout all=warning uptime,level,tags
 #1: stderr all=off uptime,level,tags

Environment Variables:
JAVA_HOME=C:\Program Files\Java\jdk1.8.0_251
PATH=E:\developer\Git\mingw64\libexec\git-core;E:\developer\Git\mingw64\libexec\git-core;E:\developer\Git\mingw64\bin;E:\developer\Git\usr\bin;C:\Users\gx\bin;E:\Tools\Xftp;E:\Tools\Xshell;C:\Windows\system32;C:\Windows;C:\Windows\System32\Wbem;C:\Windows\System32\WindowsPowerShell\v1.0;C:\Windows\System32\OpenSSH;C:\Program Files (x86)\NVIDIA Corporation\PhysX\Common;C:\Program Files\NVIDIA Corporation\NVIDIA NvDLISR;E:\developer\apache\apache-maven-3.6.3\bin;E:\developer\Git\cmd;C:\Program Files\Java\jdk1.8.0_251\bin;E:\developer\node;C:\ProgramData\chocolatey\bin;E:\developer\node\node_global;E:\developer\consul_1.9.2_windows_amd64;C:\WINDOWS\system32;C:\WINDOWS;C:\WINDOWS\System32\Wbem;C:\WINDOWS\System32\WindowsPowerShell\v1.0;C:\WINDOWS\System32\OpenSSH;C:\Program Files\MySQL\MySQL Shell 8.0\bin;C:\Users\gx\AppData\Local\Microsoft\WindowsApps;E:\developer\Microsoft VS Code\bin;E:\developer\node\node_global;E:\developer\consul\consul_1.10.3_windows_amd64;E:\developer\mq\rocketmq-all-4.3.0-bin-release\bin
USERNAME=gx
DISPLAY=:0.0
OS=Windows_NT
PROCESSOR_IDENTIFIER=Intel64 Family 6 Model 165 Stepping 2, GenuineIntel



---------------  S Y S T E M  ---------------

OS: Windows 10 , 64 bit Build 19041 (10.0.19041.1202)

CPU:total 12 (initial active 12) (6 cores per cpu, 2 threads per core) family 6 model 165 stepping 2, cmov, cx8, fxsr, mmx, sse, sse2, sse3, ssse3, sse4.1, sse4.2, popcnt, avx, avx2, aes, clmul, erms, 3dnowpref, lzcnt, ht, tsc, tscinvbit, bmi1, bmi2, adx, fma

Memory: 4k page, system-wide physical 16207M (2153M free)
TotalPageFile size 31426M (AvailPageFile size 113M)
current process WorkingSet (physical memory assigned to process): 11M, peak: 11M
current process commit charge ("private bytes"): 64M, peak: 318M

vm_info: OpenJDK 64-Bit Server VM (11.0.6+8-b520.43) for windows-amd64 JRE (11.0.6+8-b520.43), built on Feb  3 2020 14:18:56 by "" with MS VC++ 14.0 (VS2015)

END.
